<?xml version="1.0" encoding="UTF-8"?>
<!-- Generated by org.testng.reporters.JUnitXMLReporter -->
<testsuite ignored="0" hostname="DESKTOP-PVBHUTH" failures="0" tests="11" name="Default test" time="155.667" errors="0" timestamp="2022-12-07T18:39:03 IST">
  <testcase classname="com.telus.testcases.EndToEndTestFlow" name="launchApplicationUrl" time="15.792"/>
  <testcase classname="com.telus.testcases.EndToEndTestFlow" name="customerLogin" time="6.385"/>
  <testcase classname="com.telus.testcases.EndToEndTestFlow" name="signOutOption" time="17.48"/>
  <testcase classname="com.telus.testcases.EndToEndTestFlow" name="signInFunctionality" time="6.48"/>
  <testcase classname="com.telus.testcases.EndToEndTestFlow" name="productFunctionality" time="20.604"/>
  <testcase classname="com.telus.testcases.EndToEndTestFlow" name="productCart" time="17.526"/>
  <testcase classname="com.telus.testcases.EndToEndTestFlow" name="setShippingAddress" time="29.115"/>
  <testcase classname="com.telus.testcases.EndToEndTestFlow" name="setCartItem" time="14.168"/>
  <testcase classname="com.telus.testcases.EndToEndTestFlow" name="getSuccessValidation" time="6.822"/>
  <testcase classname="com.telus.testcases.EndToEndTestFlow" name="signOutOption1" time="17.593"/>
  <testcase classname="com.telus.testcases.EndToEndTestFlow" name="closeURL" time="1.872"/>
</testsuite> <!-- Default test -->
